<?xml version="1.0" encoding="UTF-8"?>
<testsuite name="com.naosim.dddwork.api.attendance.AttendanceManagementApiTest" tests="3" skipped="0" failures="0" errors="0" timestamp="2018-10-03T04:25:16" hostname="aokishingonoMacBook-puro.local" time="3.066">
  <properties/>
  <testcase name="正常_INPUT" classname="com.naosim.dddwork.api.attendance.AttendanceManagementApiTest" time="3.021"/>
  <testcase name="正常_INPUT" classname="com.naosim.dddwork.api.attendance.AttendanceManagementApiTest" time="0.004"/>
  <testcase name="正常_TOTAL" classname="com.naosim.dddwork.api.attendance.AttendanceManagementApiTest" time="0.039"/>
  <system-out><![CDATA[13:25:15,268 |-INFO in ch.qos.logback.classic.LoggerContext[default] - Found resource [logback.groovy] at [file:/Users/aokishingo/kintai/build/resources/test/logback.groovy]
13:25:15,269 |-WARN in ch.qos.logback.classic.LoggerContext[default] - Resource [logback.groovy] occurs multiple times on the classpath.
13:25:15,269 |-WARN in ch.qos.logback.classic.LoggerContext[default] - Resource [logback.groovy] occurs at [file:/Users/aokishingo/kintai/build/resources/main/logback.groovy]
13:25:15,269 |-WARN in ch.qos.logback.classic.LoggerContext[default] - Resource [logback.groovy] occurs at [file:/Users/aokishingo/kintai/build/resources/test/logback.groovy]
13:25:15,887 |-INFO in ch.qos.logback.classic.gaffer.ConfigurationDelegate@4f210218 - About to instantiate appender of type [ch.qos.logback.core.rolling.RollingFileAppender]
13:25:15,888 |-INFO in ch.qos.logback.classic.gaffer.ConfigurationDelegate@4f210218 - Naming appender as [FILE]
13:25:15,981 |-ERROR in ch.qos.logback.classic.gaffer.ComponentDelegate@f512d22 - Component  of type [ch.qos.logback.core.rolling.TimeBasedRollingPolicy] has no appplicable [file] property 
13:25:15,992 |-INFO in c.q.l.core.rolling.TimeBasedRollingPolicy - No compression will be used
13:25:15,992 |-INFO in c.q.l.core.rolling.TimeBasedRollingPolicy - Will use the pattern null.%d{yyyy-MM-dd} for the active file
13:25:15,996 |-INFO in c.q.l.core.rolling.DefaultTimeBasedFileNamingAndTriggeringPolicy - The date pattern is 'yyyy-MM-dd' from file name pattern 'null.%d{yyyy-MM-dd}'.
13:25:15,996 |-INFO in c.q.l.core.rolling.DefaultTimeBasedFileNamingAndTriggeringPolicy - Roll-over at midnight.
13:25:15,998 |-INFO in c.q.l.core.rolling.DefaultTimeBasedFileNamingAndTriggeringPolicy - Setting initial period to Wed Oct 03 13:25:15 JST 2018
13:25:16,003 |-INFO in ch.qos.logback.core.rolling.RollingFileAppender[FILE] - Active log file name: build/tomcat/logs/test.log
13:25:16,003 |-INFO in ch.qos.logback.core.rolling.RollingFileAppender[FILE] - File property is set to [build/tomcat/logs/test.log]
13:25:16,007 |-INFO in ch.qos.logback.classic.gaffer.ConfigurationDelegate@4f210218 - About to instantiate appender of type [ch.qos.logback.core.ConsoleAppender]
13:25:16,007 |-INFO in ch.qos.logback.classic.gaffer.ConfigurationDelegate@4f210218 - Naming appender as [STDOUT]
13:25:16,012 |-INFO in ch.qos.logback.classic.gaffer.ConfigurationDelegate@4f210218 - Setting level of logger [ROOT] to ERROR
13:25:16,017 |-INFO in ch.qos.logback.classic.gaffer.ConfigurationDelegate@4f210218 - Attaching appender named [FILE] to Logger[ROOT]
13:25:16,018 |-INFO in ch.qos.logback.classic.gaffer.ConfigurationDelegate@4f210218 - Attaching appender named [STDOUT] to Logger[ROOT]

20181114,0900,1800,480,0,2018-10-03T13:25:19.179

20181115,0900,1800,420,0,2018-10-03T13:25:19.203

勤務時間: 15時間0分
残業時間: 0時間0分
]]></system-out>
  <system-err><![CDATA[]]></system-err>
</testsuite>
