<?xml version="1.0" encoding="UTF-8"?>
<testsuite name="com.naosim.dddwork.api.attendance.AttendanceManagementApiTest" tests="2" skipped="0" failures="0" errors="0" timestamp="2018-09-27T00:24:52" hostname="aokishingonoMacBook-puro.local" time="3.292">
  <properties/>
  <testcase name="正常_INPUT" classname="com.naosim.dddwork.api.attendance.AttendanceManagementApiTest" time="3.223"/>
  <testcase name="正常_TOTAL" classname="com.naosim.dddwork.api.attendance.AttendanceManagementApiTest" time="0.065"/>
  <system-out><![CDATA[09:24:51,404 |-INFO in ch.qos.logback.classic.LoggerContext[default] - Found resource [logback.groovy] at [file:/Users/aokishingo/kintai/build/resources/test/logback.groovy]
09:24:51,405 |-WARN in ch.qos.logback.classic.LoggerContext[default] - Resource [logback.groovy] occurs multiple times on the classpath.
09:24:51,405 |-WARN in ch.qos.logback.classic.LoggerContext[default] - Resource [logback.groovy] occurs at [file:/Users/aokishingo/kintai/build/resources/main/logback.groovy]
09:24:51,405 |-WARN in ch.qos.logback.classic.LoggerContext[default] - Resource [logback.groovy] occurs at [file:/Users/aokishingo/kintai/build/resources/test/logback.groovy]
09:24:52,086 |-INFO in ch.qos.logback.classic.gaffer.ConfigurationDelegate@4f210218 - About to instantiate appender of type [ch.qos.logback.core.rolling.RollingFileAppender]
09:24:52,087 |-INFO in ch.qos.logback.classic.gaffer.ConfigurationDelegate@4f210218 - Naming appender as [FILE]
09:24:52,213 |-ERROR in ch.qos.logback.classic.gaffer.ComponentDelegate@f512d22 - Component  of type [ch.qos.logback.core.rolling.TimeBasedRollingPolicy] has no appplicable [file] property 
09:24:52,218 |-INFO in c.q.l.core.rolling.TimeBasedRollingPolicy - No compression will be used
09:24:52,219 |-INFO in c.q.l.core.rolling.TimeBasedRollingPolicy - Will use the pattern null.%d{yyyy-MM-dd} for the active file
09:24:52,224 |-INFO in c.q.l.core.rolling.DefaultTimeBasedFileNamingAndTriggeringPolicy - The date pattern is 'yyyy-MM-dd' from file name pattern 'null.%d{yyyy-MM-dd}'.
09:24:52,224 |-INFO in c.q.l.core.rolling.DefaultTimeBasedFileNamingAndTriggeringPolicy - Roll-over at midnight.
09:24:52,227 |-INFO in c.q.l.core.rolling.DefaultTimeBasedFileNamingAndTriggeringPolicy - Setting initial period to Thu Sep 27 09:24:52 JST 2018
09:24:52,229 |-INFO in ch.qos.logback.core.rolling.RollingFileAppender[FILE] - Active log file name: build/tomcat/logs/test.log
09:24:52,229 |-INFO in ch.qos.logback.core.rolling.RollingFileAppender[FILE] - File property is set to [build/tomcat/logs/test.log]
09:24:52,234 |-INFO in ch.qos.logback.classic.gaffer.ConfigurationDelegate@4f210218 - About to instantiate appender of type [ch.qos.logback.core.ConsoleAppender]
09:24:52,236 |-INFO in ch.qos.logback.classic.gaffer.ConfigurationDelegate@4f210218 - Naming appender as [STDOUT]
09:24:52,242 |-INFO in ch.qos.logback.classic.gaffer.ConfigurationDelegate@4f210218 - Setting level of logger [ROOT] to ERROR
09:24:52,247 |-INFO in ch.qos.logback.classic.gaffer.ConfigurationDelegate@4f210218 - Attaching appender named [FILE] to Logger[ROOT]
09:24:52,248 |-INFO in ch.qos.logback.classic.gaffer.ConfigurationDelegate@4f210218 - Attaching appender named [STDOUT] to Logger[ROOT]

20180901,0900,1800,480,0,2018-09-27T09:24:55.686

勤務時間: 16時間0分
残業時間: 0時間0分
]]></system-out>
  <system-err><![CDATA[]]></system-err>
</testsuite>
