<?xml version="1.0" encoding="UTF-8"?>
<testsuite name="com.naosim.dddwork.api.attendance.AttendanceManagementApiTest" tests="3" skipped="0" failures="0" errors="0" timestamp="2018-10-05T08:31:01" hostname="aokishingonoMacBook-puro.local" time="3.135">
  <properties/>
  <testcase name="正常_INPUT" classname="com.naosim.dddwork.api.attendance.AttendanceManagementApiTest" time="3.057"/>
  <testcase name="正常_INPUT" classname="com.naosim.dddwork.api.attendance.AttendanceManagementApiTest" time="0.04"/>
  <testcase name="正常_TOTAL" classname="com.naosim.dddwork.api.attendance.AttendanceManagementApiTest" time="0.03"/>
  <system-out><![CDATA[17:31:01,024 |-INFO in ch.qos.logback.classic.LoggerContext[default] - Found resource [logback.groovy] at [file:/Users/aokishingo/kintai/build/resources/test/logback.groovy]
17:31:01,024 |-WARN in ch.qos.logback.classic.LoggerContext[default] - Resource [logback.groovy] occurs multiple times on the classpath.
17:31:01,024 |-WARN in ch.qos.logback.classic.LoggerContext[default] - Resource [logback.groovy] occurs at [file:/Users/aokishingo/kintai/build/resources/main/logback.groovy]
17:31:01,024 |-WARN in ch.qos.logback.classic.LoggerContext[default] - Resource [logback.groovy] occurs at [file:/Users/aokishingo/kintai/build/resources/test/logback.groovy]
17:31:01,655 |-INFO in ch.qos.logback.classic.gaffer.ConfigurationDelegate@4f210218 - About to instantiate appender of type [ch.qos.logback.core.rolling.RollingFileAppender]
17:31:01,658 |-INFO in ch.qos.logback.classic.gaffer.ConfigurationDelegate@4f210218 - Naming appender as [FILE]
17:31:01,773 |-ERROR in ch.qos.logback.classic.gaffer.ComponentDelegate@f512d22 - Component  of type [ch.qos.logback.core.rolling.TimeBasedRollingPolicy] has no appplicable [file] property 
17:31:01,780 |-INFO in c.q.l.core.rolling.TimeBasedRollingPolicy - No compression will be used
17:31:01,781 |-INFO in c.q.l.core.rolling.TimeBasedRollingPolicy - Will use the pattern null.%d{yyyy-MM-dd} for the active file
17:31:01,784 |-INFO in c.q.l.core.rolling.DefaultTimeBasedFileNamingAndTriggeringPolicy - The date pattern is 'yyyy-MM-dd' from file name pattern 'null.%d{yyyy-MM-dd}'.
17:31:01,784 |-INFO in c.q.l.core.rolling.DefaultTimeBasedFileNamingAndTriggeringPolicy - Roll-over at midnight.
17:31:01,786 |-INFO in c.q.l.core.rolling.DefaultTimeBasedFileNamingAndTriggeringPolicy - Setting initial period to Fri Oct 05 17:31:01 JST 2018
17:31:01,789 |-INFO in ch.qos.logback.core.rolling.RollingFileAppender[FILE] - Active log file name: build/tomcat/logs/test.log
17:31:01,789 |-INFO in ch.qos.logback.core.rolling.RollingFileAppender[FILE] - File property is set to [build/tomcat/logs/test.log]
17:31:01,793 |-INFO in ch.qos.logback.classic.gaffer.ConfigurationDelegate@4f210218 - About to instantiate appender of type [ch.qos.logback.core.ConsoleAppender]
17:31:01,793 |-INFO in ch.qos.logback.classic.gaffer.ConfigurationDelegate@4f210218 - Naming appender as [STDOUT]
17:31:01,797 |-INFO in ch.qos.logback.classic.gaffer.ConfigurationDelegate@4f210218 - Setting level of logger [ROOT] to ERROR
17:31:01,803 |-INFO in ch.qos.logback.classic.gaffer.ConfigurationDelegate@4f210218 - Attaching appender named [FILE] to Logger[ROOT]
17:31:01,804 |-INFO in ch.qos.logback.classic.gaffer.ConfigurationDelegate@4f210218 - Attaching appender named [STDOUT] to Logger[ROOT]

20181114,0900,1800,480,0,2018-10-05T17:31:04.984

20181115,0900,1800,420,0,2018-10-05T17:31:05.029

勤務時間: 15時間0分
残業時間: 0時間0分
]]></system-out>
  <system-err><![CDATA[]]></system-err>
</testsuite>
