<?xml version="1.0" encoding="UTF-8"?>
<testsuite name="com.naosim.dddwork.api.attendance.AttendanceManagementApiTest" tests="3" skipped="0" failures="0" errors="0" timestamp="2018-09-27T02:21:21" hostname="aokishingonoMacBook-puro.local" time="2.851">
  <properties/>
  <testcase name="正常_INPUT" classname="com.naosim.dddwork.api.attendance.AttendanceManagementApiTest" time="2.79"/>
  <testcase name="正常_INPUT" classname="com.naosim.dddwork.api.attendance.AttendanceManagementApiTest" time="0.019"/>
  <testcase name="正常_TOTAL" classname="com.naosim.dddwork.api.attendance.AttendanceManagementApiTest" time="0.039"/>
  <system-out><![CDATA[11:21:20,804 |-INFO in ch.qos.logback.classic.LoggerContext[default] - Found resource [logback.groovy] at [file:/Users/aokishingo/kintai/build/resources/test/logback.groovy]
11:21:20,805 |-WARN in ch.qos.logback.classic.LoggerContext[default] - Resource [logback.groovy] occurs multiple times on the classpath.
11:21:20,805 |-WARN in ch.qos.logback.classic.LoggerContext[default] - Resource [logback.groovy] occurs at [file:/Users/aokishingo/kintai/build/resources/main/logback.groovy]
11:21:20,805 |-WARN in ch.qos.logback.classic.LoggerContext[default] - Resource [logback.groovy] occurs at [file:/Users/aokishingo/kintai/build/resources/test/logback.groovy]
11:21:21,539 |-INFO in ch.qos.logback.classic.gaffer.ConfigurationDelegate@16107355 - About to instantiate appender of type [ch.qos.logback.core.rolling.RollingFileAppender]
11:21:21,540 |-INFO in ch.qos.logback.classic.gaffer.ConfigurationDelegate@16107355 - Naming appender as [FILE]
11:21:21,638 |-ERROR in ch.qos.logback.classic.gaffer.ComponentDelegate@4cd7b9c7 - Component  of type [ch.qos.logback.core.rolling.TimeBasedRollingPolicy] has no appplicable [file] property 
11:21:21,643 |-INFO in c.q.l.core.rolling.TimeBasedRollingPolicy - No compression will be used
11:21:21,644 |-INFO in c.q.l.core.rolling.TimeBasedRollingPolicy - Will use the pattern null.%d{yyyy-MM-dd} for the active file
11:21:21,648 |-INFO in c.q.l.core.rolling.DefaultTimeBasedFileNamingAndTriggeringPolicy - The date pattern is 'yyyy-MM-dd' from file name pattern 'null.%d{yyyy-MM-dd}'.
11:21:21,648 |-INFO in c.q.l.core.rolling.DefaultTimeBasedFileNamingAndTriggeringPolicy - Roll-over at midnight.
11:21:21,650 |-INFO in c.q.l.core.rolling.DefaultTimeBasedFileNamingAndTriggeringPolicy - Setting initial period to Thu Sep 27 11:21:21 JST 2018
11:21:21,653 |-INFO in ch.qos.logback.core.rolling.RollingFileAppender[FILE] - Active log file name: build/tomcat/logs/test.log
11:21:21,653 |-INFO in ch.qos.logback.core.rolling.RollingFileAppender[FILE] - File property is set to [build/tomcat/logs/test.log]
11:21:21,658 |-INFO in ch.qos.logback.classic.gaffer.ConfigurationDelegate@16107355 - About to instantiate appender of type [ch.qos.logback.core.ConsoleAppender]
11:21:21,658 |-INFO in ch.qos.logback.classic.gaffer.ConfigurationDelegate@16107355 - Naming appender as [STDOUT]
11:21:21,664 |-INFO in ch.qos.logback.classic.gaffer.ConfigurationDelegate@16107355 - Setting level of logger [ROOT] to ERROR
11:21:21,669 |-INFO in ch.qos.logback.classic.gaffer.ConfigurationDelegate@16107355 - Attaching appender named [FILE] to Logger[ROOT]
11:21:21,670 |-INFO in ch.qos.logback.classic.gaffer.ConfigurationDelegate@16107355 - Attaching appender named [STDOUT] to Logger[ROOT]

20180901,0900,1800,480,0,2018-09-27T11:21:24.589

ファイルのリネームに失敗しました。
20180902,0900,1800,480,0,2018-09-27T11:21:24.625

ファイルのリネームに失敗しました。
勤務時間: 16時間0分
残業時間: 0時間0分
]]></system-out>
  <system-err><![CDATA[]]></system-err>
</testsuite>
