<?xml version="1.0" encoding="UTF-8"?>
<beans xmlns="http://www.springframework.org/schema/beans"
       xmlns:xsi="http://www.w3.org/2001/XMLSchema-instance"
       xmlns:context="http://www.springframework.org/schema/context"
       xsi:schemaLocation="
       http://www.springframework.org/schema/beans http://www.springframework.org/schema/beans/spring-beans-4.0.xsd
       http://www.springframework.org/schema/context http://www.springframework.org/schema/context/spring-context-4.0.xsd
       ">


    <!-- ======================================================================
    |
    |    全プロジェクト共通のテストのcomponent-scanの設定を記述
    |    （base-root.xmlから読み込まれる）
    |
    =========================================================================== -->

    <!-- DBUnitをAutowiredで呼び出す -->
    <context:component-scan base-package="jp.co.biglobe.test.util.dbunit"/>

</beans>
