<?xml version="1.0" encoding="UTF-8"?>
<testsuite name="jp.co.biglobe.isp.kintai.service.workrecord_registration.WorkRecordRegistrationServiceSpec" tests="1" skipped="0" failures="0" errors="0" timestamp="2023-06-15T06:02:08" hostname="e-kawaguchis-MacBook-Air.local" time="0.254">
  <properties/>
  <testcase name="create WorkRecord" classname="jp.co.biglobe.isp.kintai.service.workrecord_registration.WorkRecordRegistrationServiceSpec" time="0.254"/>
  <system-out><![CDATA[]]></system-out>
  <system-err><![CDATA[]]></system-err>
</testsuite>
