<?xml version="1.0" encoding="UTF-8"?>
<testsuite name="jp.co.biglobe.isp.kintai.datasource.MonthlyWorkRecordRepositorySpec" tests="1" skipped="0" failures="0" errors="0" timestamp="2023-06-21T05:19:19" hostname="e-kawaguchis-MacBook-Air.local" time="0.137">
  <properties/>
  <testcase name="Return WorkRecordMap specified yearMonth" classname="jp.co.biglobe.isp.kintai.datasource.MonthlyWorkRecordRepositorySpec" time="0.137"/>
  <system-out><![CDATA[]]></system-out>
  <system-err><![CDATA[]]></system-err>
</testsuite>
